<?xml version="1.0" encoding="UTF-8"?>
<!-- Generated by org.testng.reporters.JUnitReportReporter -->
<testsuite hostname="Shrutis-MBP.attlocal.net" failures="0" tests="1" name="scrape.ScrapeTest" time="2.633" errors="0" timestamp="2024-07-10T22:53:14 CDT" skipped="0">
  <testcase classname="scrape.ScrapeTest" name="parseDataOnPage" time="2.633"/>
</testsuite> <!-- scrape.ScrapeTest -->
